TN:
SF:src/models/Reservation.ts
FNF:0
FNH:0
DA:1,1
DA:4,1
DA:15,1
LF:3
LH:3
BRF:0
BRH:0
end_of_record
TN:
SF:src/models/Vehicle.ts
FNF:0
FNH:0
DA:1,1
DA:4,1
DA:14,1
LF:3
LH:3
BRF:0
BRH:0
end_of_record
TN:
SF:src/repository/vehicleRepository.ts
FN:6,(anonymous_7)
FN:6,(anonymous_8)
FN:10,(anonymous_9)
FN:10,(anonymous_10)
FN:14,(anonymous_11)
FN:18,(anonymous_12)
FN:31,(anonymous_13)
FN:37,(anonymous_14)
FN:47,(anonymous_15)
FN:47,(anonymous_16)
FNF:10
FNH:0
FNDA:0,(anonymous_7)
FNDA:0,(anonymous_8)
FNDA:0,(anonymous_9)
FNDA:0,(anonymous_10)
FNDA:0,(anonymous_11)
FNDA:0,(anonymous_12)
FNDA:0,(anonymous_13)
FNDA:0,(anonymous_14)
FNDA:0,(anonymous_15)
FNDA:0,(anonymous_16)
DA:1,1
DA:2,1
DA:5,1
DA:6,0
DA:7,0
DA:10,0
DA:11,0
DA:18,0
DA:19,0
DA:37,0
DA:38,0
DA:47,0
DA:48,0
DA:52,0
DA:53,0
LF:15
LH:3
BRF:0
BRH:0
end_of_record
TN:
SF:src/services/testDriveService.ts
FN:16,(anonymous_7)
FN:22,(anonymous_8)
FN:32,(anonymous_9)
FN:36,(anonymous_10)
FN:46,(anonymous_11)
FN:50,(anonymous_12)
FN:73,(anonymous_13)
FN:77,(anonymous_14)
FN:111,(anonymous_15)
FN:116,(anonymous_16)
FN:128,(anonymous_17)
FN:134,(anonymous_18)
FN:140,(anonymous_19)
FN:156,(anonymous_20)
FN:163,(anonymous_21)
FNF:15
FNH:15
FNDA:5,(anonymous_7)
FNDA:4,(anonymous_8)
FNDA:4,(anonymous_9)
FNDA:4,(anonymous_10)
FNDA:2,(anonymous_11)
FNDA:2,(anonymous_12)
FNDA:5,(anonymous_13)
FNDA:5,(anonymous_14)
FNDA:4,(anonymous_15)
FNDA:4,(anonymous_16)
FNDA:3,(anonymous_17)
FNDA:3,(anonymous_18)
FNDA:2,(anonymous_19)
FNDA:3,(anonymous_20)
FNDA:3,(anonymous_21)
DA:1,1
DA:3,1
DA:4,1
DA:16,1
DA:20,5
DA:22,1
DA:26,4
DA:32,1
DA:36,4
DA:37,4
DA:38,4
DA:43,4
DA:46,1
DA:50,2
DA:51,2
DA:52,2
DA:56,2
DA:62,2
DA:70,2
DA:73,1
DA:77,5
DA:78,5
DA:79,1
DA:84,4
DA:85,0
DA:90,4
DA:91,2
DA:96,2
DA:103,0
DA:108,2
DA:111,1
DA:116,4
DA:117,4
DA:119,4
DA:120,1
DA:127,3
DA:129,3
DA:133,3
DA:134,3
DA:136,3
DA:137,1
DA:140,2
DA:141,2
DA:143,2
DA:145,2
DA:146,2
DA:149,0
DA:156,1
DA:163,3
DA:164,3
DA:165,3
DA:166,1
DA:169,2
DA:174,2
DA:175,1
DA:178,1
DA:179,1
LF:57
LH:54
BRDA:78,0,0,1
BRDA:84,1,0,0
BRDA:90,2,0,2
BRDA:96,3,0,0
BRDA:119,4,0,1
BRDA:136,5,0,1
BRDA:141,6,0,0
BRDA:141,6,1,2
BRDA:145,7,0,2
BRDA:165,8,0,1
BRDA:174,9,0,1
BRF:11
BRH:8
end_of_record
TN:
SF:src/utils/dateUtils.ts
FN:3,(anonymous_0)
FN:5,(anonymous_1)
FN:32,(anonymous_2)
FNF:3
FNH:1
FNDA:0,(anonymous_0)
FNDA:4,(anonymous_1)
FNDA:0,(anonymous_2)
DA:1,1
DA:3,1
DA:5,1
DA:6,4
DA:7,4
DA:8,4
DA:9,4
DA:13,1
DA:16,1
DA:23,1
DA:32,1
DA:33,0
DA:34,0
DA:35,0
DA:36,0
DA:38,0
LF:16
LH:11
BRDA:34,0,0,0
BRF:1
BRH:0
end_of_record
